<?xml version="1.0" encoding="UTF-8"?>
<!-- Generated by org.testng.reporters.JUnitReportReporter -->
<testsuite hostname="Lenovo-PC" failures="0" tests="2" name="Cucumber.TestNg_Cucumber_TestRunner" time="49.364" errors="0" timestamp="2025-02-10T23:17:11 IST" skipped="0">
  <testcase classname="Cucumber.TestNg_Cucumber_TestRunner" name="runScenario" time="27.163"/>
  <system-out/>
  <testcase classname="Cucumber.TestNg_Cucumber_TestRunner" name="runScenario" time="22.201"/>
  <system-out/>
</testsuite> <!-- Cucumber.TestNg_Cucumber_TestRunner -->
