<?xml version="1.0" encoding="UTF-8"?>
<!-- Generated by org.testng.reporters.JUnitReportReporter -->
<testsuite hostname="Lenovo-PC" failures="0" tests="1" name="test.day1" time="0.012" errors="0" timestamp="2025-02-06T10:00:43 IST" skipped="0">
  <testcase classname="test.day1" name="Demo" time="0.012"/>
  <system-out/>
</testsuite> <!-- test.day1 -->
