<?xml version="1.0" encoding="UTF-8"?>
<!-- Generated by org.testng.reporters.JUnitReportReporter -->
<testsuite hostname="Lenovo-PC" failures="0" tests="6" name="test.day3" time="0.055" errors="0" timestamp="2025-02-06T10:00:43 IST" skipped="1">
  <testcase classname="test.day3" name="MobileLogincarLoan" time="0.009"/>
  <system-out/>
  <testcase classname="test.day3" name="MobilesignoutcarLoan" time="0.019"/>
  <system-out/>
  <testcase classname="test.day3" name="WebloginCarLoan" time="0.006"/>
  <system-out/>
  <testcase classname="test.day3" name="MobilesignoutcarLoan" time="0.006"/>
  <system-out/>
  <testcase classname="test.day3" name="MobilesignoutcarLoan" time="0.015"/>
  <system-out/>
  <testcase classname="test.day3" name="MobilesignimcarLoan">
    <skipped/>
  </testcase> <!-- MobilesignimcarLoan -->
  <system-out/>
</testsuite> <!-- test.day3 -->
