<?xml version="1.0" encoding="UTF-8"?>
<!-- Generated by org.testng.reporters.JUnitReportReporter -->
<testsuite hostname="Lenovo-PC" failures="0" tests="1" name="Polymorphism" time="0.011" errors="0" timestamp="2025-01-20T18:23:30 IST" skipped="0">
  <testcase classname="Polymorphism" name="tp2" time="0.011"/>
  <system-out/>
</testsuite> <!-- Polymorphism -->
