<?xml version="1.0" encoding="UTF-8"?>
<!-- Generated by org.testng.reporters.JUnitReportReporter -->
<testsuite hostname="Lenovo-PC" failures="0" tests="2" name="Main_Temp" time="0.015" errors="0" timestamp="2025-01-19T22:26:43 IST" skipped="0">
  <testcase classname="Main_Temp" name="tc1" time="0.013"/>
  <system-out/>
  <testcase classname="Main_Temp" name="tc2" time="0.002"/>
  <system-out/>
</testsuite> <!-- Main_Temp -->
