<?xml version="1.0" encoding="UTF-8"?>
<!-- Generated by org.testng.reporters.JUnitReportReporter -->
<testsuite hostname="Lenovo-PC" failures="0" tests="1" name="Encapsulation" time="0.014" errors="0" timestamp="2025-01-20T19:49:11 IST" skipped="0">
  <testcase classname="Encapsulation" name="enc1" time="0.014"/>
  <system-out/>
</testsuite> <!-- Encapsulation -->
