<?xml version="1.0" encoding="UTF-8"?>
<!-- Generated by org.testng.reporters.JUnitReportReporter -->
<testsuite hostname="Lenovo-PC" failures="0" tests="2" name="Temp_Inheretance" time="0.023" errors="0" timestamp="2025-01-20T13:09:04 IST" skipped="0">
  <testcase classname="Temp_Inheretance" name="tc2" time="0.007"/>
  <system-out/>
  <testcase classname="Temp_Inheretance" name="tc1" time="0.016"/>
  <system-out/>
</testsuite> <!-- Temp_Inheretance -->
