<?xml version="1.0" encoding="UTF-8"?>
<!-- Generated by org.testng.reporters.JUnitReportReporter -->
<testsuite hostname="Lenovo-PC" failures="0" tests="2" name="Main_File" time="0.016" errors="0" timestamp="2025-01-20T18:19:10 IST" skipped="0">
  <testcase classname="Main_File" name="tc1" time="0.007"/>
  <system-out/>
  <testcase classname="Main_File" name="tc2" time="0.009"/>
  <system-out/>
</testsuite> <!-- Main_File -->
